{"C:\\Users\\PC\\Documents\\React\\03-gifs-app\\src\\GifsApp.tsx": {"path":"C:\\Users\\PC\\Documents\\React\\03-gifs-app\\src\\GifsApp.tsx","statementMap":{"0":{"start":{"line":7,"column":23},"end":{"line":19,"column":null}},"1":{"start":{"line":9,"column":66},"end":{"line":9,"column":null}},"2":{"start":{"line":14,"column":86},"end":{"line":14,"column":null}}},"fnMap":{"0":{"name":"(anonymous_0)","decl":{"start":{"line":7,"column":23},"end":{"line":7,"column":null}},"loc":{"start":{"line":7,"column":23},"end":{"line":19,"column":null}},"line":7},"1":{"name":"(anonymous_1)","decl":{"start":{"line":14,"column":67},"end":{"line":14,"column":68}},"loc":{"start":{"line":14,"column":86},"end":{"line":14,"column":null}},"line":14}},"branchMap":{},"s":{"0":1,"1":1,"2":0},"f":{"0":1,"1":0},"b":{},"meta":{"lastBranch":0,"lastFunction":2,"lastStatement":3,"seen":{"s:7:23:19:Infinity":0,"f:7:23:7:Infinity":0,"s:9:66:9:Infinity":1,"f:14:67:14:68":1,"s:14:86:14:Infinity":2}}}
,"C:\\Users\\PC\\Documents\\React\\03-gifs-app\\src\\counter\\components\\MyCounterApp.tsx": {"path":"C:\\Users\\PC\\Documents\\React\\03-gifs-app\\src\\counter\\components\\MyCounterApp.tsx","statementMap":{"0":{"start":{"line":3,"column":28},"end":{"line":18,"column":null}},"1":{"start":{"line":5,"column":62},"end":{"line":5,"column":null}}},"fnMap":{"0":{"name":"(anonymous_0)","decl":{"start":{"line":3,"column":28},"end":{"line":3,"column":null}},"loc":{"start":{"line":3,"column":28},"end":{"line":18,"column":null}},"line":3}},"branchMap":{},"s":{"0":2,"1":7},"f":{"0":7},"b":{},"meta":{"lastBranch":0,"lastFunction":1,"lastStatement":2,"seen":{"s:3:28:18:Infinity":0,"f:3:28:3:Infinity":0,"s:5:62:5:Infinity":1}}}
,"C:\\Users\\PC\\Documents\\React\\03-gifs-app\\src\\counter\\hooks\\useCounter.tsx": {"path":"C:\\Users\\PC\\Documents\\React\\03-gifs-app\\src\\counter\\hooks\\useCounter.tsx","statementMap":{"0":{"start":{"line":3,"column":26},"end":{"line":27,"column":null}},"1":{"start":{"line":5,"column":31},"end":{"line":5,"column":null}},"2":{"start":{"line":7,"column":22},"end":{"line":9,"column":null}},"3":{"start":{"line":8,"column":8},"end":{"line":8,"column":null}},"4":{"start":{"line":11,"column":28},"end":{"line":14,"column":null}},"5":{"start":{"line":12,"column":8},"end":{"line":12,"column":null}},"6":{"start":{"line":12,"column":26},"end":{"line":12,"column":null}},"7":{"start":{"line":13,"column":8},"end":{"line":13,"column":null}},"8":{"start":{"line":13,"column":34},"end":{"line":13,"column":null}},"9":{"start":{"line":16,"column":24},"end":{"line":16,"column":null}},"10":{"start":{"line":16,"column":30},"end":{"line":16,"column":null}},"11":{"start":{"line":18,"column":4},"end":{"line":26,"column":null}}},"fnMap":{"0":{"name":"(anonymous_0)","decl":{"start":{"line":3,"column":26},"end":{"line":3,"column":27}},"loc":{"start":{"line":3,"column":52},"end":{"line":27,"column":null}},"line":3},"1":{"name":"(anonymous_1)","decl":{"start":{"line":7,"column":22},"end":{"line":7,"column":null}},"loc":{"start":{"line":7,"column":22},"end":{"line":9,"column":null}},"line":7},"2":{"name":"(anonymous_2)","decl":{"start":{"line":11,"column":28},"end":{"line":11,"column":null}},"loc":{"start":{"line":11,"column":28},"end":{"line":14,"column":null}},"line":11},"3":{"name":"(anonymous_3)","decl":{"start":{"line":13,"column":19},"end":{"line":13,"column":20}},"loc":{"start":{"line":13,"column":34},"end":{"line":13,"column":null}},"line":13},"4":{"name":"(anonymous_4)","decl":{"start":{"line":16,"column":24},"end":{"line":16,"column":30}},"loc":{"start":{"line":16,"column":30},"end":{"line":16,"column":null}},"line":16}},"branchMap":{"0":{"loc":{"start":{"line":3,"column":27},"end":{"line":3,"column":52}},"type":"default-arg","locations":[{"start":{"line":3,"column":50},"end":{"line":3,"column":52}}],"line":3},"1":{"loc":{"start":{"line":12,"column":8},"end":{"line":12,"column":null}},"type":"if","locations":[{"start":{"line":12,"column":8},"end":{"line":12,"column":null}},{"start":{},"end":{}}],"line":12}},"s":{"0":2,"1":12,"2":12,"3":2,"4":12,"5":2,"6":0,"7":2,"8":2,"9":12,"10":1,"11":12},"f":{"0":12,"1":2,"2":2,"3":2,"4":1},"b":{"0":[12],"1":[0,2]},"meta":{"lastBranch":2,"lastFunction":5,"lastStatement":12,"seen":{"s:3:26:27:Infinity":0,"f:3:26:3:27":0,"b:3:50:3:52":0,"s:5:31:5:Infinity":1,"s:7:22:9:Infinity":2,"f:7:22:7:Infinity":1,"s:8:8:8:Infinity":3,"s:11:28:14:Infinity":4,"f:11:28:11:Infinity":2,"b:12:8:12:Infinity:undefined:undefined:undefined:undefined":1,"s:12:8:12:Infinity":5,"s:12:26:12:Infinity":6,"s:13:8:13:Infinity":7,"f:13:19:13:20":3,"s:13:34:13:Infinity":8,"s:16:24:16:Infinity":9,"f:16:24:16:30":4,"s:16:30:16:Infinity":10,"s:18:4:26:Infinity":11}}}
,"C:\\Users\\PC\\Documents\\React\\03-gifs-app\\src\\gifs\\actions\\get-gifs-by-query.action.ts": {"path":"C:\\Users\\PC\\Documents\\React\\03-gifs-app\\src\\gifs\\actions\\get-gifs-by-query.action.ts","statementMap":{"0":{"start":{"line":5,"column":30},"end":{"line":31,"column":null}},"1":{"start":{"line":7,"column":4},"end":{"line":9,"column":null}},"2":{"start":{"line":8,"column":8},"end":{"line":8,"column":null}},"3":{"start":{"line":11,"column":4},"end":{"line":29,"column":null}},"4":{"start":{"line":12,"column":25},"end":{"line":17,"column":null}},"5":{"start":{"line":19,"column":8},"end":{"line":25,"column":null}},"6":{"start":{"line":19,"column":48},"end":{"line":25,"column":null}},"7":{"start":{"line":27,"column":8},"end":{"line":27,"column":null}},"8":{"start":{"line":28,"column":8},"end":{"line":28,"column":null}}},"fnMap":{"0":{"name":"(anonymous_0)","decl":{"start":{"line":5,"column":30},"end":{"line":5,"column":37}},"loc":{"start":{"line":5,"column":37},"end":{"line":31,"column":null}},"line":5},"1":{"name":"(anonymous_1)","decl":{"start":{"line":19,"column":38},"end":{"line":19,"column":39}},"loc":{"start":{"line":19,"column":48},"end":{"line":25,"column":null}},"line":19}},"branchMap":{"0":{"loc":{"start":{"line":7,"column":4},"end":{"line":9,"column":null}},"type":"if","locations":[{"start":{"line":7,"column":4},"end":{"line":9,"column":null}},{"start":{},"end":{}}],"line":7}},"s":{"0":3,"1":6,"2":1,"3":5,"4":5,"5":4,"6":40,"7":1,"8":1},"f":{"0":6,"1":40},"b":{"0":[1,5]},"meta":{"lastBranch":1,"lastFunction":2,"lastStatement":9,"seen":{"s:5:30:31:Infinity":0,"f:5:30:5:37":0,"b:7:4:9:Infinity:undefined:undefined:undefined:undefined":0,"s:7:4:9:Infinity":1,"s:8:8:8:Infinity":2,"s:11:4:29:Infinity":3,"s:12:25:17:Infinity":4,"s:19:8:25:Infinity":5,"f:19:38:19:39":1,"s:19:48:25:Infinity":6,"s:27:8:27:Infinity":7,"s:28:8:28:Infinity":8}}}
,"C:\\Users\\PC\\Documents\\React\\03-gifs-app\\src\\gifs\\api\\giphy.api.ts": {"path":"C:\\Users\\PC\\Documents\\React\\03-gifs-app\\src\\gifs\\api\\giphy.api.ts","statementMap":{"0":{"start":{"line":3,"column":24},"end":{"line":9,"column":null}}},"fnMap":{},"branchMap":{},"s":{"0":4},"f":{},"b":{},"meta":{"lastBranch":0,"lastFunction":0,"lastStatement":1,"seen":{"s:3:24:9:Infinity":0}}}
,"C:\\Users\\PC\\Documents\\React\\03-gifs-app\\src\\gifs\\components\\GifsList.tsx": {"path":"C:\\Users\\PC\\Documents\\React\\03-gifs-app\\src\\gifs\\components\\GifsList.tsx","statementMap":{"0":{"start":{"line":7,"column":24},"end":{"line":23,"column":null}}},"fnMap":{"0":{"name":"(anonymous_0)","decl":{"start":{"line":7,"column":24},"end":{"line":7,"column":25}},"loc":{"start":{"line":7,"column":40},"end":{"line":23,"column":null}},"line":7}},"branchMap":{},"s":{"0":1},"f":{"0":1},"b":{},"meta":{"lastBranch":0,"lastFunction":1,"lastStatement":1,"seen":{"s:7:24:23:Infinity":0,"f:7:24:7:25":0}}}
,"C:\\Users\\PC\\Documents\\React\\03-gifs-app\\src\\gifs\\components\\PreviousSearches.tsx": {"path":"C:\\Users\\PC\\Documents\\React\\03-gifs-app\\src\\gifs\\components\\PreviousSearches.tsx","statementMap":{"0":{"start":{"line":9,"column":43},"end":{"line":22,"column":null}},"1":{"start":{"line":16,"column":43},"end":{"line":16,"column":70}}},"fnMap":{"0":{"name":"(anonymous_0)","decl":{"start":{"line":9,"column":43},"end":{"line":9,"column":44}},"loc":{"start":{"line":9,"column":72},"end":{"line":22,"column":null}},"line":9},"1":{"name":"(anonymous_1)","decl":{"start":{"line":16,"column":37},"end":{"line":16,"column":43}},"loc":{"start":{"line":16,"column":43},"end":{"line":16,"column":70}},"line":16}},"branchMap":{},"s":{"0":1,"1":0},"f":{"0":1,"1":0},"b":{},"meta":{"lastBranch":0,"lastFunction":2,"lastStatement":2,"seen":{"s:9:43:22:Infinity":0,"f:9:43:9:44":0,"f:16:37:16:43":1,"s:16:43:16:70":1}}}
,"C:\\Users\\PC\\Documents\\React\\03-gifs-app\\src\\gifs\\hooks\\useGifs.tsx": {"path":"C:\\Users\\PC\\Documents\\React\\03-gifs-app\\src\\gifs\\hooks\\useGifs.tsx","statementMap":{"0":{"start":{"line":7,"column":23},"end":{"line":49,"column":null}},"1":{"start":{"line":9,"column":25},"end":{"line":9,"column":null}},"2":{"start":{"line":10,"column":43},"end":{"line":10,"column":null}},"3":{"start":{"line":12,"column":10},"end":{"line":12,"column":null}},"4":{"start":{"line":14,"column":30},"end":{"line":23,"column":null}},"5":{"start":{"line":15,"column":8},"end":{"line":18,"column":null}},"6":{"start":{"line":16,"column":12},"end":{"line":16,"column":null}},"7":{"start":{"line":17,"column":12},"end":{"line":17,"column":null}},"8":{"start":{"line":20,"column":21},"end":{"line":20,"column":null}},"9":{"start":{"line":21,"column":8},"end":{"line":21,"column":null}},"10":{"start":{"line":22,"column":8},"end":{"line":22,"column":null}},"11":{"start":{"line":25,"column":25},"end":{"line":40,"column":null}},"12":{"start":{"line":26,"column":8},"end":{"line":26,"column":null}},"13":{"start":{"line":28,"column":8},"end":{"line":28,"column":null}},"14":{"start":{"line":28,"column":20},"end":{"line":28,"column":null}},"15":{"start":{"line":30,"column":8},"end":{"line":30,"column":null}},"16":{"start":{"line":30,"column":43},"end":{"line":30,"column":null}},"17":{"start":{"line":32,"column":8},"end":{"line":32,"column":null}},"18":{"start":{"line":34,"column":21},"end":{"line":34,"column":null}},"19":{"start":{"line":36,"column":8},"end":{"line":36,"column":null}},"20":{"start":{"line":38,"column":8},"end":{"line":38,"column":null}},"21":{"start":{"line":42,"column":4},"end":{"line":48,"column":null}}},"fnMap":{"0":{"name":"(anonymous_0)","decl":{"start":{"line":7,"column":23},"end":{"line":7,"column":null}},"loc":{"start":{"line":7,"column":23},"end":{"line":49,"column":null}},"line":7},"1":{"name":"(anonymous_1)","decl":{"start":{"line":14,"column":30},"end":{"line":14,"column":37}},"loc":{"start":{"line":14,"column":37},"end":{"line":23,"column":null}},"line":14},"2":{"name":"(anonymous_2)","decl":{"start":{"line":25,"column":25},"end":{"line":25,"column":32}},"loc":{"start":{"line":25,"column":32},"end":{"line":40,"column":null}},"line":25}},"branchMap":{"0":{"loc":{"start":{"line":15,"column":8},"end":{"line":18,"column":null}},"type":"if","locations":[{"start":{"line":15,"column":8},"end":{"line":18,"column":null}},{"start":{},"end":{}}],"line":15},"1":{"loc":{"start":{"line":28,"column":8},"end":{"line":28,"column":null}},"type":"if","locations":[{"start":{"line":28,"column":8},"end":{"line":28,"column":null}},{"start":{},"end":{}}],"line":28},"2":{"loc":{"start":{"line":30,"column":8},"end":{"line":30,"column":null}},"type":"if","locations":[{"start":{"line":30,"column":8},"end":{"line":30,"column":null}},{"start":{},"end":{}}],"line":30}},"s":{"0":2,"1":19,"2":19,"3":19,"4":19,"5":3,"6":1,"7":1,"8":2,"9":2,"10":2,"11":19,"12":10,"13":10,"14":0,"15":10,"16":0,"17":10,"18":10,"19":10,"20":10,"21":19},"f":{"0":19,"1":3,"2":10},"b":{"0":[1,2],"1":[0,10],"2":[0,10]},"meta":{"lastBranch":3,"lastFunction":3,"lastStatement":22,"seen":{"s:7:23:49:Infinity":0,"f:7:23:7:Infinity":0,"s:9:25:9:Infinity":1,"s:10:43:10:Infinity":2,"s:12:10:12:Infinity":3,"s:14:30:23:Infinity":4,"f:14:30:14:37":1,"b:15:8:18:Infinity:undefined:undefined:undefined:undefined":0,"s:15:8:18:Infinity":5,"s:16:12:16:Infinity":6,"s:17:12:17:Infinity":7,"s:20:21:20:Infinity":8,"s:21:8:21:Infinity":9,"s:22:8:22:Infinity":10,"s:25:25:40:Infinity":11,"f:25:25:25:32":2,"s:26:8:26:Infinity":12,"b:28:8:28:Infinity:undefined:undefined:undefined:undefined":1,"s:28:8:28:Infinity":13,"s:28:20:28:Infinity":14,"b:30:8:30:Infinity:undefined:undefined:undefined:undefined":2,"s:30:8:30:Infinity":15,"s:30:43:30:Infinity":16,"s:32:8:32:Infinity":17,"s:34:21:34:Infinity":18,"s:36:8:36:Infinity":19,"s:38:8:38:Infinity":20,"s:42:4:48:Infinity":21}}}
,"C:\\Users\\PC\\Documents\\React\\03-gifs-app\\src\\shared\\components\\CustomHeader.tsx": {"path":"C:\\Users\\PC\\Documents\\React\\03-gifs-app\\src\\shared\\components\\CustomHeader.tsx","statementMap":{"0":{"start":{"line":6,"column":28},"end":{"line":13,"column":null}}},"fnMap":{"0":{"name":"(anonymous_0)","decl":{"start":{"line":6,"column":28},"end":{"line":6,"column":29}},"loc":{"start":{"line":6,"column":58},"end":{"line":13,"column":null}},"line":6}},"branchMap":{},"s":{"0":2},"f":{"0":4},"b":{},"meta":{"lastBranch":0,"lastFunction":1,"lastStatement":1,"seen":{"s:6:28:13:Infinity":0,"f:6:28:6:29":0}}}
,"C:\\Users\\PC\\Documents\\React\\03-gifs-app\\src\\shared\\components\\SearchBar.tsx": {"path":"C:\\Users\\PC\\Documents\\React\\03-gifs-app\\src\\shared\\components\\SearchBar.tsx","statementMap":{"0":{"start":{"line":9,"column":25},"end":{"line":46,"column":null}},"1":{"start":{"line":11,"column":27},"end":{"line":11,"column":null}},"2":{"start":{"line":13,"column":4},"end":{"line":21,"column":null}},"3":{"start":{"line":14,"column":25},"end":{"line":16,"column":null}},"4":{"start":{"line":15,"column":12},"end":{"line":15,"column":null}},"5":{"start":{"line":18,"column":8},"end":{"line":20,"column":null}},"6":{"start":{"line":19,"column":12},"end":{"line":19,"column":null}},"7":{"start":{"line":23,"column":25},"end":{"line":26,"column":null}},"8":{"start":{"line":24,"column":8},"end":{"line":24,"column":null}},"9":{"start":{"line":25,"column":8},"end":{"line":25,"column":null}},"10":{"start":{"line":28,"column":26},"end":{"line":32,"column":null}},"11":{"start":{"line":29,"column":8},"end":{"line":31,"column":null}},"12":{"start":{"line":30,"column":12},"end":{"line":30,"column":null}},"13":{"start":{"line":40,"column":37},"end":{"line":40,"column":null}}},"fnMap":{"0":{"name":"(anonymous_0)","decl":{"start":{"line":9,"column":25},"end":{"line":9,"column":26}},"loc":{"start":{"line":9,"column":68},"end":{"line":46,"column":null}},"line":9},"1":{"name":"(anonymous_1)","decl":{"start":{"line":13,"column":14},"end":{"line":13,"column":null}},"loc":{"start":{"line":13,"column":14},"end":{"line":21,"column":7}},"line":13},"2":{"name":"(anonymous_2)","decl":{"start":{"line":14,"column":36},"end":{"line":14,"column":null}},"loc":{"start":{"line":14,"column":36},"end":{"line":16,"column":11}},"line":14},"3":{"name":"(anonymous_3)","decl":{"start":{"line":18,"column":15},"end":{"line":18,"column":null}},"loc":{"start":{"line":18,"column":15},"end":{"line":20,"column":null}},"line":18},"4":{"name":"(anonymous_4)","decl":{"start":{"line":23,"column":25},"end":{"line":23,"column":null}},"loc":{"start":{"line":23,"column":25},"end":{"line":26,"column":null}},"line":23},"5":{"name":"(anonymous_5)","decl":{"start":{"line":28,"column":26},"end":{"line":28,"column":27}},"loc":{"start":{"line":28,"column":27},"end":{"line":32,"column":null}},"line":28},"6":{"name":"(anonymous_6)","decl":{"start":{"line":40,"column":26},"end":{"line":40,"column":27}},"loc":{"start":{"line":40,"column":37},"end":{"line":40,"column":null}},"line":40}},"branchMap":{"0":{"loc":{"start":{"line":9,"column":28},"end":{"line":9,"column":50}},"type":"default-arg","locations":[{"start":{"line":9,"column":42},"end":{"line":9,"column":50}}],"line":9},"1":{"loc":{"start":{"line":29,"column":8},"end":{"line":31,"column":null}},"type":"if","locations":[{"start":{"line":29,"column":8},"end":{"line":31,"column":null}},{"start":{},"end":{}}],"line":29}},"s":{"0":2,"1":13,"2":13,"3":13,"4":2,"5":13,"6":13,"7":13,"8":1,"9":1,"10":13,"11":0,"12":0,"13":6},"f":{"0":13,"1":13,"2":2,"3":13,"4":1,"5":0,"6":6},"b":{"0":[13],"1":[0,0]},"meta":{"lastBranch":2,"lastFunction":7,"lastStatement":14,"seen":{"s:9:25:46:Infinity":0,"f:9:25:9:26":0,"b:9:42:9:50":0,"s:11:27:11:Infinity":1,"s:13:4:21:Infinity":2,"f:13:14:13:Infinity":1,"s:14:25:16:Infinity":3,"f:14:36:14:Infinity":2,"s:15:12:15:Infinity":4,"s:18:8:20:Infinity":5,"f:18:15:18:Infinity":3,"s:19:12:19:Infinity":6,"s:23:25:26:Infinity":7,"f:23:25:23:Infinity":4,"s:24:8:24:Infinity":8,"s:25:8:25:Infinity":9,"s:28:26:32:Infinity":10,"f:28:26:28:27":5,"b:29:8:31:Infinity:undefined:undefined:undefined:undefined":1,"s:29:8:31:Infinity":11,"s:30:12:30:Infinity":12,"f:40:26:40:27":6,"s:40:37:40:Infinity":13}}}
,"C:\\Users\\PC\\Documents\\React\\03-gifs-app\\tests\\mock\\giphy.response.dara.ts": {"path":"C:\\Users\\PC\\Documents\\React\\03-gifs-app\\tests\\mock\\giphy.response.dara.ts","statementMap":{"0":{"start":{"line":1,"column":39},"end":{"line":2040,"column":null}}},"fnMap":{},"branchMap":{},"s":{"0":1},"f":{},"b":{},"meta":{"lastBranch":0,"lastFunction":0,"lastStatement":1,"seen":{"s:1:39:2040:Infinity":0}}}
}
