{"C:\\Users\\PC\\Documents\\React\\02-first-steps\\src\\FirstStepsApp.tsx": {"path":"C:\\Users\\PC\\Documents\\React\\02-first-steps\\src\\FirstStepsApp.tsx","all":false,"statementMap":{"0":{"start":{"line":1,"column":0},"end":{"line":1,"column":58}},"7":{"start":{"line":8,"column":0},"end":{"line":8,"column":35}},"8":{"start":{"line":9,"column":0},"end":{"line":9,"column":54}},"9":{"start":{"line":10,"column":0},"end":{"line":10,"column":51}},"10":{"start":{"line":11,"column":0},"end":{"line":11,"column":53}},"11":{"start":{"line":12,"column":0},"end":{"line":12,"column":53}},"12":{"start":{"line":13,"column":0},"end":{"line":13,"column":1}},"14":{"start":{"line":15,"column":0},"end":{"line":15,"column":33}},"16":{"start":{"line":17,"column":0},"end":{"line":17,"column":12}},"17":{"start":{"line":18,"column":0},"end":{"line":18,"column":10}},"18":{"start":{"line":19,"column":0},"end":{"line":19,"column":39}},"20":{"start":{"line":21,"column":0},"end":{"line":21,"column":64}},"21":{"start":{"line":22,"column":0},"end":{"line":22,"column":92}},"32":{"start":{"line":33,"column":0},"end":{"line":33,"column":1}}},"s":{"0":1,"7":1,"8":1,"9":1,"10":1,"11":1,"12":1,"14":1,"16":3,"17":3,"18":3,"20":3,"21":3,"32":3},"branchMap":{"0":{"type":"branch","line":15,"loc":{"start":{"line":15,"column":7},"end":{"line":33,"column":1}},"locations":[{"start":{"line":15,"column":7},"end":{"line":33,"column":1}}]}},"b":{"0":[3]},"fnMap":{"0":{"name":"FirstStepsApp","decl":{"start":{"line":15,"column":7},"end":{"line":33,"column":1}},"loc":{"start":{"line":15,"column":7},"end":{"line":33,"column":1}},"line":15}},"f":{"0":3}}
,"C:\\Users\\PC\\Documents\\React\\02-first-steps\\src\\MyAwesomeApp.tsx": {"path":"C:\\Users\\PC\\Documents\\React\\02-first-steps\\src\\MyAwesomeApp.tsx","all":false,"statementMap":{"2":{"start":{"line":3,"column":0},"end":{"line":3,"column":27}},"3":{"start":{"line":4,"column":0},"end":{"line":4,"column":25}},"5":{"start":{"line":6,"column":0},"end":{"line":6,"column":77}},"6":{"start":{"line":7,"column":0},"end":{"line":7,"column":22}},"8":{"start":{"line":9,"column":0},"end":{"line":9,"column":17}},"9":{"start":{"line":10,"column":0},"end":{"line":10,"column":23}},"10":{"start":{"line":11,"column":0},"end":{"line":11,"column":33}},"11":{"start":{"line":12,"column":0},"end":{"line":12,"column":1}},"13":{"start":{"line":14,"column":0},"end":{"line":14,"column":33}},"14":{"start":{"line":15,"column":0},"end":{"line":15,"column":27}},"15":{"start":{"line":16,"column":0},"end":{"line":16,"column":21}},"16":{"start":{"line":17,"column":0},"end":{"line":17,"column":16}},"17":{"start":{"line":18,"column":0},"end":{"line":18,"column":17}},"18":{"start":{"line":19,"column":0},"end":{"line":19,"column":1}},"20":{"start":{"line":21,"column":0},"end":{"line":21,"column":35}},"21":{"start":{"line":22,"column":0},"end":{"line":22,"column":12}},"22":{"start":{"line":23,"column":0},"end":{"line":23,"column":35}},"23":{"start":{"line":24,"column":0},"end":{"line":24,"column":63}},"24":{"start":{"line":25,"column":0},"end":{"line":25,"column":31}},"26":{"start":{"line":27,"column":0},"end":{"line":27,"column":75}},"28":{"start":{"line":29,"column":0},"end":{"line":29,"column":56}},"30":{"start":{"line":31,"column":0},"end":{"line":31,"column":31}},"31":{"start":{"line":32,"column":0},"end":{"line":32,"column":42}},"34":{"start":{"line":35,"column":0},"end":{"line":35,"column":1}}},"s":{"2":1,"3":1,"5":1,"6":1,"8":1,"9":1,"10":1,"11":1,"13":1,"14":1,"15":1,"16":1,"17":1,"18":1,"20":1,"21":4,"22":4,"23":4,"24":4,"26":4,"28":4,"30":4,"31":4,"34":4},"branchMap":{"0":{"type":"branch","line":21,"loc":{"start":{"line":21,"column":28},"end":{"line":35,"column":1}},"locations":[{"start":{"line":21,"column":28},"end":{"line":35,"column":1}}]},"1":{"type":"branch","line":29,"loc":{"start":{"line":29,"column":28},"end":{"line":29,"column":56}},"locations":[{"start":{"line":29,"column":28},"end":{"line":29,"column":56}}]}},"b":{"0":[4],"1":[0]},"fnMap":{"0":{"name":"MyAwesomeApp","decl":{"start":{"line":21,"column":28},"end":{"line":35,"column":1}},"loc":{"start":{"line":21,"column":28},"end":{"line":35,"column":1}},"line":21}},"f":{"0":4}}
,"C:\\Users\\PC\\Documents\\React\\02-first-steps\\src\\main.tsx": {"path":"C:\\Users\\PC\\Documents\\React\\02-first-steps\\src\\main.tsx","all":true,"statementMap":{"0":{"start":{"line":1,"column":0},"end":{"line":1,"column":34}},"1":{"start":{"line":2,"column":0},"end":{"line":2,"column":45}},"2":{"start":{"line":3,"column":0},"end":{"line":3,"column":47}},"3":{"start":{"line":4,"column":0},"end":{"line":4,"column":48}},"5":{"start":{"line":6,"column":0},"end":{"line":6,"column":52}},"6":{"start":{"line":7,"column":0},"end":{"line":7,"column":14}},"7":{"start":{"line":8,"column":0},"end":{"line":8,"column":21}}},"s":{"0":0,"1":0,"2":0,"3":0,"5":0,"6":0,"7":0},"branchMap":{"0":{"type":"branch","line":1,"loc":{"start":{"line":1,"column":315},"end":{"line":11,"column":1}},"locations":[{"start":{"line":1,"column":315},"end":{"line":11,"column":1}}]}},"b":{"0":[0]},"fnMap":{"0":{"name":"(empty-report)","decl":{"start":{"line":1,"column":315},"end":{"line":11,"column":1}},"loc":{"start":{"line":1,"column":315},"end":{"line":11,"column":1}},"line":1}},"f":{"0":0}}
,"C:\\Users\\PC\\Documents\\React\\02-first-steps\\src\\helpers\\math.helper.ts": {"path":"C:\\Users\\PC\\Documents\\React\\02-first-steps\\src\\helpers\\math.helper.ts","all":false,"statementMap":{"0":{"start":{"line":1,"column":0},"end":{"line":1,"column":46}},"1":{"start":{"line":2,"column":0},"end":{"line":2,"column":17}},"2":{"start":{"line":3,"column":0},"end":{"line":3,"column":1}},"4":{"start":{"line":5,"column":0},"end":{"line":5,"column":52}},"5":{"start":{"line":6,"column":0},"end":{"line":6,"column":17}},"6":{"start":{"line":7,"column":0},"end":{"line":7,"column":1}},"8":{"start":{"line":9,"column":0},"end":{"line":9,"column":51}},"9":{"start":{"line":10,"column":0},"end":{"line":10,"column":17}},"10":{"start":{"line":11,"column":0},"end":{"line":11,"column":1}},"12":{"start":{"line":13,"column":0},"end":{"line":13,"column":49}},"13":{"start":{"line":14,"column":0},"end":{"line":14,"column":17}},"14":{"start":{"line":15,"column":0},"end":{"line":15,"column":1}}},"s":{"0":1,"1":2,"2":2,"4":1,"5":2,"6":2,"8":1,"9":2,"10":2,"12":1,"13":1,"14":1},"branchMap":{"0":{"type":"branch","line":1,"loc":{"start":{"line":1,"column":19},"end":{"line":3,"column":1}},"locations":[{"start":{"line":1,"column":19},"end":{"line":3,"column":1}}]},"1":{"type":"branch","line":5,"loc":{"start":{"line":5,"column":25},"end":{"line":7,"column":1}},"locations":[{"start":{"line":5,"column":25},"end":{"line":7,"column":1}}]},"2":{"type":"branch","line":9,"loc":{"start":{"line":9,"column":24},"end":{"line":11,"column":1}},"locations":[{"start":{"line":9,"column":24},"end":{"line":11,"column":1}}]},"3":{"type":"branch","line":13,"loc":{"start":{"line":13,"column":22},"end":{"line":15,"column":1}},"locations":[{"start":{"line":13,"column":22},"end":{"line":15,"column":1}}]}},"b":{"0":[2],"1":[2],"2":[2],"3":[1]},"fnMap":{"0":{"name":"add","decl":{"start":{"line":1,"column":19},"end":{"line":3,"column":1}},"loc":{"start":{"line":1,"column":19},"end":{"line":3,"column":1}},"line":1},"1":{"name":"substract","decl":{"start":{"line":5,"column":25},"end":{"line":7,"column":1}},"loc":{"start":{"line":5,"column":25},"end":{"line":7,"column":1}},"line":5},"2":{"name":"multiply","decl":{"start":{"line":9,"column":24},"end":{"line":11,"column":1}},"loc":{"start":{"line":9,"column":24},"end":{"line":11,"column":1}},"line":9},"3":{"name":"divide","decl":{"start":{"line":13,"column":22},"end":{"line":15,"column":1}},"loc":{"start":{"line":13,"column":22},"end":{"line":15,"column":1}},"line":13}},"f":{"0":2,"1":2,"2":2,"3":1}}
,"C:\\Users\\PC\\Documents\\React\\02-first-steps\\src\\shopping-cart\\ItemCounter.tsx": {"path":"C:\\Users\\PC\\Documents\\React\\02-first-steps\\src\\shopping-cart\\ItemCounter.tsx","all":false,"statementMap":{"0":{"start":{"line":1,"column":0},"end":{"line":1,"column":33}},"2":{"start":{"line":3,"column":0},"end":{"line":3,"column":29}},"3":{"start":{"line":4,"column":0},"end":{"line":4,"column":45}},"10":{"start":{"line":11,"column":0},"end":{"line":11,"column":63}},"11":{"start":{"line":12,"column":0},"end":{"line":12,"column":49}},"13":{"start":{"line":14,"column":0},"end":{"line":14,"column":48}},"15":{"start":{"line":16,"column":0},"end":{"line":16,"column":35}},"16":{"start":{"line":17,"column":0},"end":{"line":17,"column":32}},"18":{"start":{"line":19,"column":0},"end":{"line":19,"column":28}},"19":{"start":{"line":20,"column":0},"end":{"line":20,"column":5}},"21":{"start":{"line":22,"column":0},"end":{"line":22,"column":12}},"22":{"start":{"line":23,"column":0},"end":{"line":23,"column":44}},"23":{"start":{"line":24,"column":0},"end":{"line":24,"column":17}},"24":{"start":{"line":25,"column":0},"end":{"line":25,"column":47}},"25":{"start":{"line":26,"column":0},"end":{"line":26,"column":24}},"26":{"start":{"line":27,"column":0},"end":{"line":27,"column":56}},"27":{"start":{"line":28,"column":0},"end":{"line":28,"column":33}},"28":{"start":{"line":29,"column":0},"end":{"line":29,"column":19}},"29":{"start":{"line":30,"column":0},"end":{"line":30,"column":35}},"30":{"start":{"line":31,"column":0},"end":{"line":31,"column":24}},"31":{"start":{"line":32,"column":0},"end":{"line":32,"column":32}},"32":{"start":{"line":33,"column":0},"end":{"line":33,"column":19}},"33":{"start":{"line":34,"column":0},"end":{"line":34,"column":41}},"34":{"start":{"line":35,"column":0},"end":{"line":35,"column":24}},"37":{"start":{"line":38,"column":0},"end":{"line":38,"column":1}}},"s":{"0":1,"2":1,"3":1,"10":1,"11":9,"13":9,"15":9,"16":2,"18":1,"19":1,"21":9,"22":9,"23":9,"24":9,"25":9,"26":9,"27":9,"28":9,"29":9,"30":9,"31":9,"32":9,"33":9,"34":9,"37":9},"branchMap":{"0":{"type":"branch","line":11,"loc":{"start":{"line":11,"column":27},"end":{"line":38,"column":1}},"locations":[{"start":{"line":11,"column":27},"end":{"line":38,"column":1}}]},"1":{"type":"branch","line":27,"loc":{"start":{"line":27,"column":37},"end":{"line":27,"column":49}},"locations":[{"start":{"line":27,"column":37},"end":{"line":27,"column":49}}]},"2":{"type":"branch","line":27,"loc":{"start":{"line":27,"column":41},"end":{"line":27,"column":56}},"locations":[{"start":{"line":27,"column":41},"end":{"line":27,"column":56}}]},"3":{"type":"branch","line":14,"loc":{"start":{"line":14,"column":22},"end":{"line":14,"column":48}},"locations":[{"start":{"line":14,"column":22},"end":{"line":14,"column":48}}]},"4":{"type":"branch","line":16,"loc":{"start":{"line":16,"column":28},"end":{"line":20,"column":5}},"locations":[{"start":{"line":16,"column":28},"end":{"line":20,"column":5}}]},"5":{"type":"branch","line":17,"loc":{"start":{"line":17,"column":25},"end":{"line":20,"column":5}},"locations":[{"start":{"line":17,"column":25},"end":{"line":20,"column":5}}]}},"b":{"0":[9],"1":[4],"2":[5],"3":[1],"4":[2],"5":[1]},"fnMap":{"0":{"name":"ItemCounter","decl":{"start":{"line":11,"column":27},"end":{"line":38,"column":1}},"loc":{"start":{"line":11,"column":27},"end":{"line":38,"column":1}},"line":11},"1":{"name":"handleAdd","decl":{"start":{"line":14,"column":22},"end":{"line":14,"column":48}},"loc":{"start":{"line":14,"column":22},"end":{"line":14,"column":48}},"line":14},"2":{"name":"handleSubstract","decl":{"start":{"line":16,"column":28},"end":{"line":20,"column":5}},"loc":{"start":{"line":16,"column":28},"end":{"line":20,"column":5}},"line":16}},"f":{"0":9,"1":1,"2":2}}
}
